23-Oct-2023 18:36:07.883 INFO [main] org.apache.catalina.startup.VersionLoggerListener.log Server version name:   Apache Tomcat/9.0.33
23-Oct-2023 18:36:07.886 INFO [main] org.apache.catalina.startup.VersionLoggerListener.log Server built:          Mar 11 2020 09:31:38 UTC
23-Oct-2023 18:36:07.887 INFO [main] org.apache.catalina.startup.VersionLoggerListener.log Server version number: 9.0.33.0
23-Oct-2023 18:36:07.887 INFO [main] org.apache.catalina.startup.VersionLoggerListener.log OS Name:               Windows 11
23-Oct-2023 18:36:07.887 INFO [main] org.apache.catalina.startup.VersionLoggerListener.log OS Version:            10.0
23-Oct-2023 18:36:07.887 INFO [main] org.apache.catalina.startup.VersionLoggerListener.log Architecture:          amd64
23-Oct-2023 18:36:07.887 INFO [main] org.apache.catalina.startup.VersionLoggerListener.log Java Home:             C:\Users\admin\.jdks\corretto-1.8.0_382\jre
23-Oct-2023 18:36:07.887 INFO [main] org.apache.catalina.startup.VersionLoggerListener.log JVM Version:           1.8.0_382-b05
23-Oct-2023 18:36:07.887 INFO [main] org.apache.catalina.startup.VersionLoggerListener.log JVM Vendor:            Amazon.com Inc.
23-Oct-2023 18:36:07.887 INFO [main] org.apache.catalina.startup.VersionLoggerListener.log CATALINA_BASE:         D:\PR50\project-final-main
23-Oct-2023 18:36:07.887 INFO [main] org.apache.catalina.startup.VersionLoggerListener.log CATALINA_HOME:         D:\apache-tomcat-64-bit-9033\apache-tomcat-9.0.33
23-Oct-2023 18:36:07.939 INFO [main] org.apache.catalina.startup.VersionLoggerListener.log Command line argument: -Dcatalina.home=D:\apache-tomcat-64-bit-9033\apache-tomcat-9.0.33
23-Oct-2023 18:36:07.939 INFO [main] org.apache.catalina.startup.VersionLoggerListener.log Command line argument: -Dcatalina.base=D:\PR50\project-final-main
23-Oct-2023 18:36:07.939 INFO [main] org.apache.catalina.startup.VersionLoggerListener.log Command line argument: -Djava.io.tmpdir=D:\PR50\project-final-main\temp
23-Oct-2023 18:36:07.939 INFO [main] org.apache.catalina.startup.VersionLoggerListener.log Command line argument: -Djava.util.logging.config.file=D:\PR50\project-final-main\conf\logging.properties
23-Oct-2023 18:36:07.939 INFO [main] org.apache.catalina.startup.VersionLoggerListener.log Command line argument: -Djava.util.logging.manager=org.apache.juli.ClassLoaderLogManager
23-Oct-2023 18:36:07.939 INFO [main] org.apache.catalina.startup.VersionLoggerListener.log Command line argument: -javaagent:C:\Program Files\JetBrains\IntelliJ IDEA Community Edition 2023.2.1\lib\idea_rt.jar=59834:C:\Program Files\JetBrains\IntelliJ IDEA Community Edition 2023.2.1\bin
23-Oct-2023 18:36:07.941 INFO [main] org.apache.catalina.startup.VersionLoggerListener.log Command line argument: -Dfile.encoding=UTF-8
23-Oct-2023 18:36:07.941 INFO [main] org.apache.catalina.core.AprLifecycleListener.lifecycleEvent Loaded APR based Apache Tomcat Native library [1.2.23] using APR version [1.7.0].
23-Oct-2023 18:36:07.941 INFO [main] org.apache.catalina.core.AprLifecycleListener.lifecycleEvent APR capabilities: IPv6 [true], sendfile [true], accept filters [false], random [true].
23-Oct-2023 18:36:07.941 INFO [main] org.apache.catalina.core.AprLifecycleListener.lifecycleEvent APR/OpenSSL configuration: useAprConnector [false], useOpenSSL [true]
23-Oct-2023 18:36:07.966 INFO [main] org.apache.catalina.core.AprLifecycleListener.initializeSSL OpenSSL successfully initialized [OpenSSL 1.1.1c  28 May 2019]
23-Oct-2023 18:36:09.730 INFO [main] org.apache.coyote.AbstractProtocol.init Initializing ProtocolHandler ["http-nio-8080"]
23-Oct-2023 18:36:09.888 INFO [main] org.apache.catalina.startup.Catalina.load Server initialization in [2,550] milliseconds
23-Oct-2023 18:36:09.932 INFO [main] org.apache.catalina.core.StandardService.startInternal Starting service [Catalina]
23-Oct-2023 18:36:09.932 INFO [main] org.apache.catalina.core.StandardEngine.startInternal Starting Servlet engine: [Apache Tomcat/9.0.33]
23-Oct-2023 18:36:09.944 INFO [main] org.apache.catalina.startup.HostConfig.deployDescriptor Deploying deployment descriptor [D:\PR50\project-final-main\conf\Catalina\localhost\ROOT.xml]
23-Oct-2023 18:36:09.979 WARNING [main] org.apache.catalina.startup.HostConfig.deployDescriptor The path attribute with value [/Spring_MVC_Project_Final] in deployment descriptor [D:\PR50\project-final-main\conf\Catalina\localhost\ROOT.xml] has been ignored
23-Oct-2023 18:36:25.454 INFO [main] org.apache.jasper.servlet.TldScanner.scanJars At least one JAR was scanned for TLDs yet contained no TLDs. Enable debug logging for this logger for a complete list of JARs that were scanned but no TLDs were found in them. Skipping unneeded JARs during scanning can improve startup time and JSP compilation time.
23-Oct-2023 18:36:44.293 INFO [main] org.apache.catalina.startup.HostConfig.deployDescriptor Deployment of deployment descriptor [D:\PR50\project-final-main\conf\Catalina\localhost\ROOT.xml] has finished in [34,349] ms
23-Oct-2023 18:36:44.297 INFO [main] org.apache.coyote.AbstractProtocol.start Starting ProtocolHandler ["http-nio-8080"]
23-Oct-2023 18:36:44.309 INFO [main] org.apache.catalina.startup.Catalina.start Server startup in [34,420] milliseconds
23-Oct-2023 18:37:20.103 INFO [Thread-4] org.apache.coyote.AbstractProtocol.pause Pausing ProtocolHandler ["http-nio-8080"]
23-Oct-2023 18:37:20.357 INFO [Thread-4] org.apache.catalina.core.StandardService.stopInternal Stopping service [Catalina]
23-Oct-2023 18:37:20.489 WARNING [Thread-4] org.apache.catalina.loader.WebappClassLoaderBase.clearReferencesJdbc The web application [ROOT] registered the JDBC driver [com.mysql.cj.jdbc.Driver] but failed to unregister it when the web application was stopped. To prevent a memory leak, the JDBC Driver has been forcibly unregistered.
23-Oct-2023 18:37:20.489 WARNING [Thread-4] org.apache.catalina.loader.WebappClassLoaderBase.clearReferencesThreads The web application [ROOT] appears to have started a thread named [mysql-cj-abandoned-connection-cleanup] but has failed to stop it. This is very likely to create a memory leak. Stack trace of thread:
 java.lang.Object.wait(Native Method)
 java.lang.ref.ReferenceQueue.remove(ReferenceQueue.java:144)
 com.mysql.cj.jdbc.AbandonedConnectionCleanupThread.run(AbandonedConnectionCleanupThread.java:91)
 java.util.concurrent.ThreadPoolExecutor.runWorker(ThreadPoolExecutor.java:1149)
 java.util.concurrent.ThreadPoolExecutor$Worker.run(ThreadPoolExecutor.java:624)
 java.lang.Thread.run(Thread.java:750)
23-Oct-2023 18:37:20.558 INFO [Thread-4] org.apache.coyote.AbstractProtocol.stop Stopping ProtocolHandler ["http-nio-8080"]
23-Oct-2023 18:37:20.567 INFO [Thread-4] org.apache.coyote.AbstractProtocol.destroy Destroying ProtocolHandler ["http-nio-8080"]
