01-Nov-2023 19:32:05.621 INFO [main] org.apache.catalina.core.ApplicationContext.log 3 Spring WebApplicationInitializers detected on classpath
01-Nov-2023 19:32:05.885 INFO [main] org.apache.catalina.core.ApplicationContext.log Initializing Spring root WebApplicationContext
01-Nov-2023 19:32:15.212 INFO [main] org.apache.catalina.core.ApplicationContext.log Initializing Spring DispatcherServlet 'dispatcher'
01-Nov-2023 19:32:54.540 INFO [Thread-4] org.apache.catalina.core.ApplicationContext.log Destroying Spring FrameworkServlet 'dispatcher'
01-Nov-2023 19:32:54.573 INFO [Thread-4] org.apache.catalina.core.ApplicationContext.log Closing Spring root WebApplicationContext
01-Nov-2023 19:47:36.998 INFO [main] org.apache.catalina.core.ApplicationContext.log 3 Spring WebApplicationInitializers detected on classpath
01-Nov-2023 19:47:37.136 INFO [main] org.apache.catalina.core.ApplicationContext.log Initializing Spring root WebApplicationContext
01-Nov-2023 19:47:45.600 INFO [main] org.apache.catalina.core.ApplicationContext.log Initializing Spring DispatcherServlet 'dispatcher'
01-Nov-2023 19:53:42.247 INFO [Thread-4] org.apache.catalina.core.ApplicationContext.log Destroying Spring FrameworkServlet 'dispatcher'
01-Nov-2023 19:53:42.266 INFO [Thread-4] org.apache.catalina.core.ApplicationContext.log Closing Spring root WebApplicationContext
01-Nov-2023 19:53:56.428 INFO [main] org.apache.catalina.core.ApplicationContext.log 3 Spring WebApplicationInitializers detected on classpath
01-Nov-2023 19:53:56.566 INFO [main] org.apache.catalina.core.ApplicationContext.log Initializing Spring root WebApplicationContext
01-Nov-2023 19:54:04.499 INFO [main] org.apache.catalina.core.ApplicationContext.log Initializing Spring DispatcherServlet 'dispatcher'
01-Nov-2023 19:56:42.651 INFO [Thread-4] org.apache.catalina.core.ApplicationContext.log Destroying Spring FrameworkServlet 'dispatcher'
01-Nov-2023 19:56:42.765 INFO [Thread-4] org.apache.catalina.core.ApplicationContext.log Closing Spring root WebApplicationContext
01-Nov-2023 19:56:56.025 INFO [main] org.apache.catalina.core.ApplicationContext.log 3 Spring WebApplicationInitializers detected on classpath
01-Nov-2023 19:56:56.151 INFO [main] org.apache.catalina.core.ApplicationContext.log Initializing Spring root WebApplicationContext
01-Nov-2023 19:57:04.393 INFO [main] org.apache.catalina.core.ApplicationContext.log Initializing Spring DispatcherServlet 'dispatcher'
01-Nov-2023 19:59:12.644 INFO [Thread-4] org.apache.catalina.core.ApplicationContext.log Destroying Spring FrameworkServlet 'dispatcher'
01-Nov-2023 19:59:12.748 INFO [Thread-4] org.apache.catalina.core.ApplicationContext.log Closing Spring root WebApplicationContext
01-Nov-2023 19:59:27.127 INFO [main] org.apache.catalina.core.ApplicationContext.log 3 Spring WebApplicationInitializers detected on classpath
01-Nov-2023 19:59:27.255 INFO [main] org.apache.catalina.core.ApplicationContext.log Initializing Spring root WebApplicationContext
01-Nov-2023 19:59:34.640 INFO [main] org.apache.catalina.core.ApplicationContext.log Initializing Spring DispatcherServlet 'dispatcher'
01-Nov-2023 20:01:51.009 INFO [Thread-4] org.apache.catalina.core.ApplicationContext.log Destroying Spring FrameworkServlet 'dispatcher'
01-Nov-2023 20:01:51.036 INFO [Thread-4] org.apache.catalina.core.ApplicationContext.log Closing Spring root WebApplicationContext
01-Nov-2023 20:11:46.681 INFO [main] org.apache.catalina.core.ApplicationContext.log 3 Spring WebApplicationInitializers detected on classpath
01-Nov-2023 20:11:46.809 INFO [main] org.apache.catalina.core.ApplicationContext.log Initializing Spring root WebApplicationContext
01-Nov-2023 20:11:54.844 INFO [main] org.apache.catalina.core.ApplicationContext.log Initializing Spring DispatcherServlet 'dispatcher'
01-Nov-2023 20:12:37.422 INFO [Thread-4] org.apache.catalina.core.ApplicationContext.log Destroying Spring FrameworkServlet 'dispatcher'
01-Nov-2023 20:12:37.484 INFO [Thread-4] org.apache.catalina.core.ApplicationContext.log Closing Spring root WebApplicationContext
